[2025-02-14 11:41:24,026] multiqc                                            [DEBUG  ]  This is MultiQC v1.18
[2025-02-14 11:41:24,026] multiqc                                            [DEBUG  ]  Command used: /usr/bin/multiqc .
[2025-02-14 11:41:24,673] multiqc                                            [WARNING]  MultiQC Version v1.27 now available!
[2025-02-14 11:41:24,674] multiqc                                            [DEBUG  ]  Working dir : /data
[2025-02-14 11:41:24,674] multiqc                                            [DEBUG  ]  Template    : default
[2025-02-14 11:41:24,674] multiqc                                            [DEBUG  ]  Running Python 3.12.3 (main, Jan 17 2025, 18:03:48) [GCC 13.3.0]
[2025-02-14 11:41:24,676] multiqc                                            [DEBUG  ]  Analysing modules: custom_content, ccs, ngsderive, purple, conpair, lima, peddy, somalier, methylQA, mosdepth, phantompeakqualtools, qualimap, preseq, hifiasm, quast, qorts, rna_seqc, rockhopper, rsem, rseqc, busco, bustools, goleft_indexcov, gffcompare, disambiguate, supernova, deeptools, sargasso, verifybamid, mirtrace, happy, mirtop, sambamba, gopeaks, homer, hops, macs2, theta2, snpeff, gatk, htseq, bcftools, featureCounts, fgbio, dragen, dragen_fastqc, dedup, pbmarkdup, damageprofiler, mapdamage, biobambam2, jcvi, mtnucratio, picard, vep, bakta, prokka, qc3C, nanostat, samblaster, samtools, sexdeterrmine, seqera_cli, eigenstratdatabasetools, bamtools, jellyfish, vcftools, longranger, stacks, varscan2, snippy, umitools, truvari, bbmap, bismark, biscuit, diamond, hicexplorer, hicup, hicpro, salmon, kallisto, slamdunk, star, hisat2, tophat, bowtie2, bowtie1, cellranger, snpsplit, odgi, pangolin, nextclade, freyja, humid, kat, leehom, librarian, adapterRemoval, bbduk, clipandmerge, cutadapt, flexbar, sourmash, kaiju, bracken, kraken, malt, motus, trimmomatic, sickle, skewer, sortmerna, biobloomtools, fastq_screen, afterqc, fastp, fastqc, filtlong, prinseqplusplus, pychopper, porechop, pycoqc, minionqc, anglerfish, multivcfanalyzer, clusterflow, checkqc, bcl2fastq, bclconvert, interop, ivar, flash, seqyclean, optitype, whatshap, xenome, xengsort
[2025-02-14 11:41:24,677] multiqc                                            [DEBUG  ]  Using temporary directory for creating report: /tmp/tmpjc5o898b
[2025-02-14 11:41:24,678] multiqc                                            [INFO   ]  Search path : /data
[2025-02-14 11:41:24,789] multiqc                                            [DEBUG  ]  Summary of files that were skipped by the search: [skipped_file_contents_search_errors: 178] // [skipped_module_specific_max_filesize: 82] // [skipped_no_match: 25] // [skipped_ignore_pattern: 14] // [skipped_directory_fn_ignore_dirs: 1]
[2025-02-14 11:41:24,891] multiqc.plots.bargraph                             [DEBUG  ]  Using matplotlib version 3.6.3
[2025-02-14 11:41:24,892] multiqc.plots.linegraph                            [DEBUG  ]  Using matplotlib version 3.6.3
[2025-02-14 11:41:24,892] multiqc                                            [DEBUG  ]  No samples found: custom_content
[2025-02-14 11:41:24,897] multiqc.modules.fastqc.fastqc                      [INFO   ]  Found 4 reports
[2025-02-14 11:41:24,906] multiqc.utils.software_versions                    [DEBUG  ]  Reading software versions from config.software_versions
[2025-02-14 11:41:24,907] multiqc                                            [DEBUG  ]  Compressing plot data
[2025-02-14 11:41:24,922] multiqc                                            [INFO   ]  Existing reports found, adding suffix to filenames. Use '--force' to overwrite.
[2025-02-14 11:41:24,922] multiqc                                            [INFO   ]  Report      : multiqc_report_1.html
[2025-02-14 11:41:24,922] multiqc                                            [INFO   ]  Data        : multiqc_data_1
[2025-02-14 11:41:24,922] multiqc                                            [DEBUG  ]  Moving data file from '/tmp/tmpjc5o898b/multiqc_data' to '/data/multiqc_data_1'
[2025-02-14 11:41:24,926] multiqc                                            [DEBUG  ]  Full report path: /data/multiqc_report_1.html
[2025-02-14 11:41:24,937] multiqc                                            [ERROR  ]  Could not include file 'assets/js/packages/jszip.min.js': [Errno 2] No such file or directory: '/tmp/tmpjc5o898b/assets/js/packages/jszip.min.js'
[2025-02-14 11:41:24,956] multiqc                                            [INFO   ]  MultiQC complete
